2025-12-17T11:55:59.601+05:30  INFO 86320 --- [historical-service] [main] c.m.h.repository.CandleRepositoryTest    : Starting CandleRepositoryTest using Java 21.0.8 with PID 86320 (started by Chowdam.Gopi in C:\Users\Chowdam.Gopi\OneDrive - Apexon\Desktop\New folder\market-platform\historical-service)
2025-12-17T11:55:59.604+05:30  INFO 86320 --- [historical-service] [main] c.m.h.repository.CandleRepositoryTest    : No active profile set, falling back to 1 default profile: "default"
2025-12-17T11:56:01.424+05:30  INFO 86320 --- [historical-service] [main] .s.d.r.c.RepositoryConfigurationDelegate : Bootstrapping Spring Data JPA repositories in DEFAULT mode.
2025-12-17T11:56:01.673+05:30  INFO 86320 --- [historical-service] [main] .s.d.r.c.RepositoryConfigurationDelegate : Finished Spring Data repository scanning in 239 ms. Found 1 JPA repository interface.
2025-12-17T11:56:02.203+05:30  INFO 86320 --- [historical-service] [main] o.s.cloud.context.scope.GenericScope     : BeanFactory id=a3658510-1882-3f29-8b24-71b4eaa77885
2025-12-17T11:56:03.246+05:30  INFO 86320 --- [historical-service] [main] com.zaxxer.hikari.HikariDataSource       : HikariPool-1 - Starting...
2025-12-17T11:56:03.649+05:30  INFO 86320 --- [historical-service] [main] com.zaxxer.hikari.pool.HikariPool        : HikariPool-1 - Added connection conn0: url=jdbc:h2:mem:f66ff5ba-060c-4d33-9082-adfea2f834d2 user=SA
2025-12-17T11:56:03.652+05:30  INFO 86320 --- [historical-service] [main] com.zaxxer.hikari.HikariDataSource       : HikariPool-1 - Start completed.
2025-12-17T11:56:03.735+05:30  INFO 86320 --- [historical-service] [main] o.hibernate.jpa.internal.util.LogHelper  : HHH000204: Processing PersistenceUnitInfo [name: default]
2025-12-17T11:56:03.941+05:30  INFO 86320 --- [historical-service] [main] org.hibernate.Version                    : HHH000412: Hibernate ORM core version 6.4.10.Final
2025-12-17T11:56:04.009+05:30  INFO 86320 --- [historical-service] [main] o.h.c.internal.RegionFactoryInitiator    : HHH000026: Second-level cache disabled
2025-12-17T11:56:04.447+05:30  INFO 86320 --- [historical-service] [main] o.s.o.j.p.SpringPersistenceUnitInfo      : No LoadTimeWeaver setup: ignoring JPA class transformer
2025-12-17T11:56:06.100+05:30  INFO 86320 --- [historical-service] [main] o.h.e.t.j.p.i.JtaPlatformInitiator       : HHH000489: No JTA platform available (set 'hibernate.transaction.jta.platform' to enable JTA platform integration)
2025-12-17T11:56:06.128+05:30 DEBUG 86320 --- [historical-service] [main] org.hibernate.SQL                        : drop table if exists candles cascade 
2025-12-17T11:56:06.140+05:30 DEBUG 86320 --- [historical-service] [main] org.hibernate.SQL                        : create table candles (close float(53) not null, high float(53) not null, low float(53) not null, open float(53) not null, volume float(53) not null, id bigint generated by default as identity, timestamp bigint not null, symbol varchar(20) not null, primary key (id))
2025-12-17T11:56:06.157+05:30  INFO 86320 --- [historical-service] [main] j.LocalContainerEntityManagerFactoryBean : Initialized JPA EntityManagerFactory for persistence unit 'default'
2025-12-17T11:56:06.710+05:30  INFO 86320 --- [historical-service] [main] o.s.d.j.r.query.QueryEnhancerFactory     : Hibernate is in classpath; If applicable, HQL parser will be used.
2025-12-17T11:56:07.954+05:30  WARN 86320 --- [historical-service] [main] JpaBaseConfiguration$JpaWebConfiguration : spring.jpa.open-in-view is enabled by default. Therefore, database queries may be performed during view rendering. Explicitly configure spring.jpa.open-in-view to disable this warning
2025-12-17T11:56:10.190+05:30  INFO 86320 --- [historical-service] [main] DiscoveryClientOptionalArgsConfiguration : Eureka HTTP Client uses RestTemplate.
2025-12-17T11:56:10.385+05:30  INFO 86320 --- [historical-service] [main] o.s.b.a.e.web.EndpointLinksResolver      : Exposing 1 endpoint(s) beneath base path '/actuator'
2025-12-17T11:56:10.628+05:30  INFO 86320 --- [historical-service] [main] o.s.c.n.eureka.InstanceInfoFactory       : Setting initial instance status as: STARTING
2025-12-17T11:56:10.690+05:30  INFO 86320 --- [historical-service] [main] com.netflix.discovery.DiscoveryClient    : Initializing Eureka in region us-east-1
2025-12-17T11:56:10.697+05:30  INFO 86320 --- [historical-service] [main] c.n.d.s.r.aws.ConfigClusterResolver      : Resolving eureka endpoints via configuration
2025-12-17T11:56:10.718+05:30  INFO 86320 --- [historical-service] [main] com.netflix.discovery.DiscoveryClient    : Disable delta property : false
2025-12-17T11:56:10.718+05:30  INFO 86320 --- [historical-service] [main] com.netflix.discovery.DiscoveryClient    : Single vip registry refresh property : null
2025-12-17T11:56:10.719+05:30  INFO 86320 --- [historical-service] [main] com.netflix.discovery.DiscoveryClient    : Force full registry fetch : false
2025-12-17T11:56:10.719+05:30  INFO 86320 --- [historical-service] [main] com.netflix.discovery.DiscoveryClient    : Application is null : false
2025-12-17T11:56:10.719+05:30  INFO 86320 --- [historical-service] [main] com.netflix.discovery.DiscoveryClient    : Registered Applications size is zero : true
2025-12-17T11:56:10.719+05:30  INFO 86320 --- [historical-service] [main] com.netflix.discovery.DiscoveryClient    : Application version is -1: true
2025-12-17T11:56:10.720+05:30  INFO 86320 --- [historical-service] [main] com.netflix.discovery.DiscoveryClient    : Getting all instance registry info from the eureka server
2025-12-17T11:56:11.435+05:30  INFO 86320 --- [historical-service] [main] com.netflix.discovery.DiscoveryClient    : The response status is 200
2025-12-17T11:56:11.440+05:30  INFO 86320 --- [historical-service] [main] com.netflix.discovery.DiscoveryClient    : Starting heartbeat executor: renew interval is: 30
2025-12-17T11:56:11.444+05:30  INFO 86320 --- [historical-service] [main] c.n.discovery.InstanceInfoReplicator     : InstanceInfoReplicator onDemand update allowed rate per min is 4
2025-12-17T11:56:11.448+05:30  INFO 86320 --- [historical-service] [main] com.netflix.discovery.DiscoveryClient    : Discovery Client initialized at timestamp 1765952771447 with initial instances count: 6
2025-12-17T11:56:11.457+05:30  INFO 86320 --- [historical-service] [main] o.s.c.n.e.s.EurekaServiceRegistry        : Registering application HISTORICAL-SERVICE with eureka with status UP
2025-12-17T11:56:11.458+05:30  INFO 86320 --- [historical-service] [main] com.netflix.discovery.DiscoveryClient    : Saw local status change event StatusChangeEvent [timestamp=1765952771457, current=UP, previous=STARTING]
2025-12-17T11:56:11.461+05:30  INFO 86320 --- [historical-service] [DiscoveryClient-InstanceInfoReplicator-%d] com.netflix.discovery.DiscoveryClient    : DiscoveryClient_HISTORICAL-SERVICE/ICPL15178.mshome.net:historical-service:8094: registering service...
2025-12-17T11:56:11.553+05:30  INFO 86320 --- [historical-service] [main] o.a.k.clients.consumer.ConsumerConfig    : ConsumerConfig values: 
	allow.auto.create.topics = true
	auto.commit.interval.ms = 5000
	auto.include.jmx.reporter = true
	auto.offset.reset = latest
	bootstrap.servers = [localhost:9092]
	check.crcs = true
	client.dns.lookup = use_all_dns_ips
	client.id = consumer-historical-service-1
	client.rack = 
	connections.max.idle.ms = 540000
	default.api.timeout.ms = 60000
	enable.auto.commit = false
	exclude.internal.topics = true
	fetch.max.bytes = 52428800
	fetch.max.wait.ms = 500
	fetch.min.bytes = 1
	group.id = historical-service
	group.instance.id = null
	heartbeat.interval.ms = 3000
	interceptor.classes = []
	internal.leave.group.on.close = true
	internal.throw.on.fetch.stable.offset.unsupported = false
	isolation.level = read_uncommitted
	key.deserializer = class org.springframework.kafka.support.serializer.ErrorHandlingDeserializer
	max.partition.fetch.bytes = 1048576
	max.poll.interval.ms = 300000
	max.poll.records = 500
	metadata.max.age.ms = 300000
	metric.reporters = []
	metrics.num.samples = 2
	metrics.recording.level = INFO
	metrics.sample.window.ms = 30000
	partition.assignment.strategy = [class org.apache.kafka.clients.consumer.RangeAssignor, class org.apache.kafka.clients.consumer.CooperativeStickyAssignor]
	receive.buffer.bytes = 65536
	reconnect.backoff.max.ms = 1000
	reconnect.backoff.ms = 50
	request.timeout.ms = 30000
	retry.backoff.ms = 100
	sasl.client.callback.handler.class = null
	sasl.jaas.config = null
	sasl.kerberos.kinit.cmd = /usr/bin/kinit
	sasl.kerberos.min.time.before.relogin = 60000
	sasl.kerberos.service.name = null
	sasl.kerberos.ticket.renew.jitter = 0.05
	sasl.kerberos.ticket.renew.window.factor = 0.8
	sasl.login.callback.handler.class = null
	sasl.login.class = null
	sasl.login.connect.timeout.ms = null
	sasl.login.read.timeout.ms = null
	sasl.login.refresh.buffer.seconds = 300
	sasl.login.refresh.min.period.seconds = 60
	sasl.login.refresh.window.factor = 0.8
	sasl.login.refresh.window.jitter = 0.05
	sasl.login.retry.backoff.max.ms = 10000
	sasl.login.retry.backoff.ms = 100
	sasl.mechanism = GSSAPI
	sasl.oauthbearer.clock.skew.seconds = 30
	sasl.oauthbearer.expected.audience = null
	sasl.oauthbearer.expected.issuer = null
	sasl.oauthbearer.jwks.endpoint.refresh.ms = 3600000
	sasl.oauthbearer.jwks.endpoint.retry.backoff.max.ms = 10000
	sasl.oauthbearer.jwks.endpoint.retry.backoff.ms = 100
	sasl.oauthbearer.jwks.endpoint.url = null
	sasl.oauthbearer.scope.claim.name = scope
	sasl.oauthbearer.sub.claim.name = sub
	sasl.oauthbearer.token.endpoint.url = null
	security.protocol = PLAINTEXT
	security.providers = null
	send.buffer.bytes = 131072
	session.timeout.ms = 45000
	socket.connection.setup.timeout.max.ms = 30000
	socket.connection.setup.timeout.ms = 10000
	ssl.cipher.suites = null
	ssl.enabled.protocols = [TLSv1.2, TLSv1.3]
	ssl.endpoint.identification.algorithm = https
	ssl.engine.factory.class = null
	ssl.key.password = null
	ssl.keymanager.algorithm = SunX509
	ssl.keystore.certificate.chain = null
	ssl.keystore.key = null
	ssl.keystore.location = null
	ssl.keystore.password = null
	ssl.keystore.type = JKS
	ssl.protocol = TLSv1.3
	ssl.provider = null
	ssl.secure.random.implementation = null
	ssl.trustmanager.algorithm = PKIX
	ssl.truststore.certificates = null
	ssl.truststore.location = null
	ssl.truststore.password = null
	ssl.truststore.type = JKS
	value.deserializer = class org.springframework.kafka.support.serializer.ErrorHandlingDeserializer

2025-12-17T11:56:11.596+05:30  INFO 86320 --- [historical-service] [DiscoveryClient-InstanceInfoReplicator-%d] com.netflix.discovery.DiscoveryClient    : DiscoveryClient_HISTORICAL-SERVICE/ICPL15178.mshome.net:historical-service:8094 - registration status: 204
2025-12-17T11:56:11.965+05:30  INFO 86320 --- [historical-service] [main] o.a.kafka.common.utils.AppInfoParser     : Kafka version: 3.6.2
2025-12-17T11:56:11.966+05:30  INFO 86320 --- [historical-service] [main] o.a.kafka.common.utils.AppInfoParser     : Kafka commitId: c4deed513057c94e
2025-12-17T11:56:11.966+05:30  INFO 86320 --- [historical-service] [main] o.a.kafka.common.utils.AppInfoParser     : Kafka startTimeMs: 1765952771963
2025-12-17T11:56:11.969+05:30  INFO 86320 --- [historical-service] [main] fkaConsumerFactory$ExtendedKafkaConsumer : [Consumer clientId=consumer-historical-service-1, groupId=historical-service] Subscribed to topic(s): quotes.ticks
2025-12-17T11:56:11.998+05:30  INFO 86320 --- [historical-service] [main] c.m.h.repository.CandleRepositoryTest    : Started CandleRepositoryTest in 13.312 seconds (process running for 16.021)
2025-12-17T11:56:12.863+05:30  INFO 86320 --- [historical-service] [org.springframework.kafka.KafkaListenerEndpointContainer#0-0-C-1] org.apache.kafka.clients.Metadata        : [Consumer clientId=consumer-historical-service-1, groupId=historical-service] Cluster ID: mnv8xiVYRYqN7jcfJx74sA
2025-12-17T11:56:12.878+05:30  INFO 86320 --- [historical-service] [org.springframework.kafka.KafkaListenerEndpointContainer#0-0-C-1] o.a.k.c.c.internals.ConsumerCoordinator  : [Consumer clientId=consumer-historical-service-1, groupId=historical-service] Discovered group coordinator localhost:9092 (id: 2147483646 rack: null)
2025-12-17T11:56:12.884+05:30  INFO 86320 --- [historical-service] [org.springframework.kafka.KafkaListenerEndpointContainer#0-0-C-1] o.a.k.c.c.internals.ConsumerCoordinator  : [Consumer clientId=consumer-historical-service-1, groupId=historical-service] (Re-)joining group
2025-12-17T11:56:13.010+05:30  INFO 86320 --- [historical-service] [org.springframework.kafka.KafkaListenerEndpointContainer#0-0-C-1] o.a.k.c.c.internals.ConsumerCoordinator  : [Consumer clientId=consumer-historical-service-1, groupId=historical-service] Request joining group due to: need to re-join with the given member-id: consumer-historical-service-1-6f184114-7cd6-4764-b2b2-14148cbd3af5
2025-12-17T11:56:13.011+05:30  INFO 86320 --- [historical-service] [org.springframework.kafka.KafkaListenerEndpointContainer#0-0-C-1] o.a.k.c.c.internals.ConsumerCoordinator  : [Consumer clientId=consumer-historical-service-1, groupId=historical-service] Request joining group due to: rebalance failed due to 'The group member needs to have a valid member id before actually entering a consumer group.' (MemberIdRequiredException)
2025-12-17T11:56:13.011+05:30  INFO 86320 --- [historical-service] [org.springframework.kafka.KafkaListenerEndpointContainer#0-0-C-1] o.a.k.c.c.internals.ConsumerCoordinator  : [Consumer clientId=consumer-historical-service-1, groupId=historical-service] (Re-)joining group
2025-12-17T11:56:13.538+05:30 DEBUG 86320 --- [historical-service] [main] org.hibernate.SQL                        : select ce1_0.symbol,ce1_0.timestamp,ce1_0.open,ce1_0.high,ce1_0.low,ce1_0.close,ce1_0.volume from candles ce1_0 where ce1_0.symbol=? and ce1_0.timestamp between ? and ? order by ce1_0.timestamp
2025-12-17T11:56:13.652+05:30  INFO 86320 --- [historical-service] [SpringApplicationShutdownHook] o.s.c.n.e.s.EurekaServiceRegistry        : Unregistering application HISTORICAL-SERVICE with eureka with status DOWN
2025-12-17T11:56:13.652+05:30  INFO 86320 --- [historical-service] [SpringApplicationShutdownHook] com.netflix.discovery.DiscoveryClient    : Saw local status change event StatusChangeEvent [timestamp=1765952773652, current=DOWN, previous=UP]
2025-12-17T11:56:13.653+05:30  INFO 86320 --- [historical-service] [DiscoveryClient-InstanceInfoReplicator-%d] com.netflix.discovery.DiscoveryClient    : DiscoveryClient_HISTORICAL-SERVICE/ICPL15178.mshome.net:historical-service:8094: registering service...
2025-12-17T11:56:13.661+05:30  INFO 86320 --- [historical-service] [org.springframework.kafka.KafkaListenerEndpointContainer#0-0-C-1] o.a.k.c.c.internals.ConsumerCoordinator  : [Consumer clientId=consumer-historical-service-1, groupId=historical-service] Member consumer-historical-service-1-6f184114-7cd6-4764-b2b2-14148cbd3af5 sending LeaveGroup request to coordinator localhost:9092 (id: 2147483646 rack: null) due to the consumer unsubscribed from all topics
2025-12-17T11:56:13.663+05:30  INFO 86320 --- [historical-service] [org.springframework.kafka.KafkaListenerEndpointContainer#0-0-C-1] o.a.k.c.c.internals.ConsumerCoordinator  : [Consumer clientId=consumer-historical-service-1, groupId=historical-service] Resetting generation and member id due to: consumer pro-actively leaving the group
2025-12-17T11:56:13.664+05:30  INFO 86320 --- [historical-service] [org.springframework.kafka.KafkaListenerEndpointContainer#0-0-C-1] o.a.k.c.c.internals.ConsumerCoordinator  : [Consumer clientId=consumer-historical-service-1, groupId=historical-service] Request joining group due to: consumer pro-actively leaving the group
2025-12-17T11:56:13.664+05:30  INFO 86320 --- [historical-service] [org.springframework.kafka.KafkaListenerEndpointContainer#0-0-C-1] fkaConsumerFactory$ExtendedKafkaConsumer : [Consumer clientId=consumer-historical-service-1, groupId=historical-service] Unsubscribed all topics or patterns and assigned partitions
2025-12-17T11:56:13.665+05:30  INFO 86320 --- [historical-service] [DiscoveryClient-InstanceInfoReplicator-%d] com.netflix.discovery.DiscoveryClient    : DiscoveryClient_HISTORICAL-SERVICE/ICPL15178.mshome.net:historical-service:8094 - registration status: 204
2025-12-17T11:56:13.666+05:30  INFO 86320 --- [historical-service] [org.springframework.kafka.KafkaListenerEndpointContainer#0-0-C-1] o.a.k.c.c.internals.ConsumerCoordinator  : [Consumer clientId=consumer-historical-service-1, groupId=historical-service] Resetting generation and member id due to: consumer pro-actively leaving the group
2025-12-17T11:56:13.666+05:30  INFO 86320 --- [historical-service] [org.springframework.kafka.KafkaListenerEndpointContainer#0-0-C-1] o.a.k.c.c.internals.ConsumerCoordinator  : [Consumer clientId=consumer-historical-service-1, groupId=historical-service] Request joining group due to: consumer pro-actively leaving the group
2025-12-17T11:56:14.432+05:30  INFO 86320 --- [historical-service] [org.springframework.kafka.KafkaListenerEndpointContainer#0-0-C-1] o.apache.kafka.common.metrics.Metrics    : Metrics scheduler closed
2025-12-17T11:56:14.433+05:30  INFO 86320 --- [historical-service] [org.springframework.kafka.KafkaListenerEndpointContainer#0-0-C-1] o.apache.kafka.common.metrics.Metrics    : Closing reporter org.apache.kafka.common.metrics.JmxReporter
2025-12-17T11:56:14.433+05:30  INFO 86320 --- [historical-service] [org.springframework.kafka.KafkaListenerEndpointContainer#0-0-C-1] o.apache.kafka.common.metrics.Metrics    : Metrics reporters closed
2025-12-17T11:56:14.444+05:30  INFO 86320 --- [historical-service] [org.springframework.kafka.KafkaListenerEndpointContainer#0-0-C-1] o.a.kafka.common.utils.AppInfoParser     : App info kafka.consumer for consumer-historical-service-1 unregistered
2025-12-17T11:56:14.445+05:30  INFO 86320 --- [historical-service] [org.springframework.kafka.KafkaListenerEndpointContainer#0-0-C-1] o.s.k.l.KafkaMessageListenerContainer    : historical-service: Consumer stopped
2025-12-17T11:56:14.458+05:30  INFO 86320 --- [historical-service] [SpringApplicationShutdownHook] j.LocalContainerEntityManagerFactoryBean : Closing JPA EntityManagerFactory for persistence unit 'default'
2025-12-17T11:56:14.460+05:30 DEBUG 86320 --- [historical-service] [SpringApplicationShutdownHook] org.hibernate.SQL                        : drop table if exists candles cascade 
2025-12-17T11:56:14.466+05:30  INFO 86320 --- [historical-service] [SpringApplicationShutdownHook] com.zaxxer.hikari.HikariDataSource       : HikariPool-1 - Shutdown initiated...
2025-12-17T11:56:14.473+05:30  INFO 86320 --- [historical-service] [SpringApplicationShutdownHook] com.zaxxer.hikari.HikariDataSource       : HikariPool-1 - Shutdown completed.
2025-12-17T11:56:14.473+05:30  INFO 86320 --- [historical-service] [SpringApplicationShutdownHook] com.netflix.discovery.DiscoveryClient    : Shutting down DiscoveryClient ...
2025-12-17T11:56:17.476+05:30  INFO 86320 --- [historical-service] [SpringApplicationShutdownHook] com.netflix.discovery.DiscoveryClient    : Unregistering ...
2025-12-17T11:56:17.501+05:30  INFO 86320 --- [historical-service] [SpringApplicationShutdownHook] com.netflix.discovery.DiscoveryClient    : DiscoveryClient_HISTORICAL-SERVICE/ICPL15178.mshome.net:historical-service:8094 - deregister  status: 200
2025-12-17T11:56:17.501+05:30  INFO 86320 --- [historical-service] [SpringApplicationShutdownHook] com.netflix.discovery.DiscoveryClient    : Completed shut down of DiscoveryClient
2025-12-17T11:58:08.427+05:30  INFO 96084 --- [historical-service] [main] c.m.h.repository.CandleRepositoryTest    : Starting CandleRepositoryTest using Java 21.0.8 with PID 96084 (started by Chowdam.Gopi in C:\Users\Chowdam.Gopi\OneDrive - Apexon\Desktop\New folder\market-platform\historical-service)
2025-12-17T11:58:08.429+05:30  INFO 96084 --- [historical-service] [main] c.m.h.repository.CandleRepositoryTest    : No active profile set, falling back to 1 default profile: "default"
2025-12-17T11:58:09.783+05:30  INFO 96084 --- [historical-service] [main] .s.d.r.c.RepositoryConfigurationDelegate : Bootstrapping Spring Data JPA repositories in DEFAULT mode.
2025-12-17T11:58:09.961+05:30  INFO 96084 --- [historical-service] [main] .s.d.r.c.RepositoryConfigurationDelegate : Finished Spring Data repository scanning in 169 ms. Found 1 JPA repository interface.
2025-12-17T11:58:10.386+05:30  INFO 96084 --- [historical-service] [main] o.s.cloud.context.scope.GenericScope     : BeanFactory id=a3658510-1882-3f29-8b24-71b4eaa77885
2025-12-17T11:58:11.152+05:30  INFO 96084 --- [historical-service] [main] o.hibernate.jpa.internal.util.LogHelper  : HHH000204: Processing PersistenceUnitInfo [name: default]
2025-12-17T11:58:11.240+05:30  INFO 96084 --- [historical-service] [main] org.hibernate.Version                    : HHH000412: Hibernate ORM core version 6.4.10.Final
2025-12-17T11:58:11.284+05:30  INFO 96084 --- [historical-service] [main] o.h.c.internal.RegionFactoryInitiator    : HHH000026: Second-level cache disabled
2025-12-17T11:58:11.623+05:30  INFO 96084 --- [historical-service] [main] o.s.o.j.p.SpringPersistenceUnitInfo      : No LoadTimeWeaver setup: ignoring JPA class transformer
2025-12-17T11:58:11.654+05:30  INFO 96084 --- [historical-service] [main] com.zaxxer.hikari.HikariDataSource       : HikariPool-1 - Starting...
2025-12-17T11:58:12.024+05:30  INFO 96084 --- [historical-service] [main] com.zaxxer.hikari.pool.HikariPool        : HikariPool-1 - Added connection org.postgresql.jdbc.PgConnection@56a9a7b5
2025-12-17T11:58:12.027+05:30  INFO 96084 --- [historical-service] [main] com.zaxxer.hikari.HikariDataSource       : HikariPool-1 - Start completed.
2025-12-17T11:58:12.118+05:30  WARN 96084 --- [historical-service] [main] org.hibernate.orm.deprecation            : HHH90000025: PostgreSQLDialect does not need to be specified explicitly using 'hibernate.dialect' (remove the property setting and it will be selected by default)
2025-12-17T11:58:13.649+05:30  INFO 96084 --- [historical-service] [main] o.h.e.t.j.p.i.JtaPlatformInitiator       : HHH000489: No JTA platform available (set 'hibernate.transaction.jta.platform' to enable JTA platform integration)
2025-12-17T11:58:13.793+05:30  INFO 96084 --- [historical-service] [main] j.LocalContainerEntityManagerFactoryBean : Initialized JPA EntityManagerFactory for persistence unit 'default'
2025-12-17T11:58:14.674+05:30  INFO 96084 --- [historical-service] [main] o.s.d.j.r.query.QueryEnhancerFactory     : Hibernate is in classpath; If applicable, HQL parser will be used.
2025-12-17T11:58:16.366+05:30  WARN 96084 --- [historical-service] [main] JpaBaseConfiguration$JpaWebConfiguration : spring.jpa.open-in-view is enabled by default. Therefore, database queries may be performed during view rendering. Explicitly configure spring.jpa.open-in-view to disable this warning
2025-12-17T11:58:18.493+05:30  INFO 96084 --- [historical-service] [main] DiscoveryClientOptionalArgsConfiguration : Eureka HTTP Client uses RestTemplate.
2025-12-17T11:58:18.720+05:30  INFO 96084 --- [historical-service] [main] o.s.b.a.e.web.EndpointLinksResolver      : Exposing 1 endpoint(s) beneath base path '/actuator'
2025-12-17T11:58:18.922+05:30  INFO 96084 --- [historical-service] [main] o.s.c.n.eureka.InstanceInfoFactory       : Setting initial instance status as: STARTING
2025-12-17T11:58:18.987+05:30  INFO 96084 --- [historical-service] [main] com.netflix.discovery.DiscoveryClient    : Initializing Eureka in region us-east-1
2025-12-17T11:58:18.995+05:30  INFO 96084 --- [historical-service] [main] c.n.d.s.r.aws.ConfigClusterResolver      : Resolving eureka endpoints via configuration
2025-12-17T11:58:19.012+05:30  INFO 96084 --- [historical-service] [main] com.netflix.discovery.DiscoveryClient    : Disable delta property : false
2025-12-17T11:58:19.013+05:30  INFO 96084 --- [historical-service] [main] com.netflix.discovery.DiscoveryClient    : Single vip registry refresh property : null
2025-12-17T11:58:19.014+05:30  INFO 96084 --- [historical-service] [main] com.netflix.discovery.DiscoveryClient    : Force full registry fetch : false
2025-12-17T11:58:19.014+05:30  INFO 96084 --- [historical-service] [main] com.netflix.discovery.DiscoveryClient    : Application is null : false
2025-12-17T11:58:19.014+05:30  INFO 96084 --- [historical-service] [main] com.netflix.discovery.DiscoveryClient    : Registered Applications size is zero : true
2025-12-17T11:58:19.014+05:30  INFO 96084 --- [historical-service] [main] com.netflix.discovery.DiscoveryClient    : Application version is -1: true
2025-12-17T11:58:19.014+05:30  INFO 96084 --- [historical-service] [main] com.netflix.discovery.DiscoveryClient    : Getting all instance registry info from the eureka server
2025-12-17T11:58:19.614+05:30  INFO 96084 --- [historical-service] [main] com.netflix.discovery.DiscoveryClient    : The response status is 200
2025-12-17T11:58:19.618+05:30  INFO 96084 --- [historical-service] [main] com.netflix.discovery.DiscoveryClient    : Starting heartbeat executor: renew interval is: 30
2025-12-17T11:58:19.622+05:30  INFO 96084 --- [historical-service] [main] c.n.discovery.InstanceInfoReplicator     : InstanceInfoReplicator onDemand update allowed rate per min is 4
2025-12-17T11:58:19.626+05:30  INFO 96084 --- [historical-service] [main] com.netflix.discovery.DiscoveryClient    : Discovery Client initialized at timestamp 1765952899625 with initial instances count: 6
2025-12-17T11:58:19.635+05:30  INFO 96084 --- [historical-service] [main] o.s.c.n.e.s.EurekaServiceRegistry        : Registering application HISTORICAL-SERVICE with eureka with status UP
2025-12-17T11:58:19.636+05:30  INFO 96084 --- [historical-service] [main] com.netflix.discovery.DiscoveryClient    : Saw local status change event StatusChangeEvent [timestamp=1765952899636, current=UP, previous=STARTING]
2025-12-17T11:58:19.641+05:30  INFO 96084 --- [historical-service] [DiscoveryClient-InstanceInfoReplicator-%d] com.netflix.discovery.DiscoveryClient    : DiscoveryClient_HISTORICAL-SERVICE/ICPL15178.mshome.net:historical-service:8094: registering service...
2025-12-17T11:58:19.715+05:30  INFO 96084 --- [historical-service] [DiscoveryClient-InstanceInfoReplicator-%d] com.netflix.discovery.DiscoveryClient    : DiscoveryClient_HISTORICAL-SERVICE/ICPL15178.mshome.net:historical-service:8094 - registration status: 204
2025-12-17T11:58:19.724+05:30  INFO 96084 --- [historical-service] [main] o.a.k.clients.consumer.ConsumerConfig    : ConsumerConfig values: 
	allow.auto.create.topics = true
	auto.commit.interval.ms = 5000
	auto.include.jmx.reporter = true
	auto.offset.reset = latest
	bootstrap.servers = [localhost:9092]
	check.crcs = true
	client.dns.lookup = use_all_dns_ips
	client.id = consumer-historical-service-1
	client.rack = 
	connections.max.idle.ms = 540000
	default.api.timeout.ms = 60000
	enable.auto.commit = false
	exclude.internal.topics = true
	fetch.max.bytes = 52428800
	fetch.max.wait.ms = 500
	fetch.min.bytes = 1
	group.id = historical-service
	group.instance.id = null
	heartbeat.interval.ms = 3000
	interceptor.classes = []
	internal.leave.group.on.close = true
	internal.throw.on.fetch.stable.offset.unsupported = false
	isolation.level = read_uncommitted
	key.deserializer = class org.springframework.kafka.support.serializer.ErrorHandlingDeserializer
	max.partition.fetch.bytes = 1048576
	max.poll.interval.ms = 300000
	max.poll.records = 500
	metadata.max.age.ms = 300000
	metric.reporters = []
	metrics.num.samples = 2
	metrics.recording.level = INFO
	metrics.sample.window.ms = 30000
	partition.assignment.strategy = [class org.apache.kafka.clients.consumer.RangeAssignor, class org.apache.kafka.clients.consumer.CooperativeStickyAssignor]
	receive.buffer.bytes = 65536
	reconnect.backoff.max.ms = 1000
	reconnect.backoff.ms = 50
	request.timeout.ms = 30000
	retry.backoff.ms = 100
	sasl.client.callback.handler.class = null
	sasl.jaas.config = null
	sasl.kerberos.kinit.cmd = /usr/bin/kinit
	sasl.kerberos.min.time.before.relogin = 60000
	sasl.kerberos.service.name = null
	sasl.kerberos.ticket.renew.jitter = 0.05
	sasl.kerberos.ticket.renew.window.factor = 0.8
	sasl.login.callback.handler.class = null
	sasl.login.class = null
	sasl.login.connect.timeout.ms = null
	sasl.login.read.timeout.ms = null
	sasl.login.refresh.buffer.seconds = 300
	sasl.login.refresh.min.period.seconds = 60
	sasl.login.refresh.window.factor = 0.8
	sasl.login.refresh.window.jitter = 0.05
	sasl.login.retry.backoff.max.ms = 10000
	sasl.login.retry.backoff.ms = 100
	sasl.mechanism = GSSAPI
	sasl.oauthbearer.clock.skew.seconds = 30
	sasl.oauthbearer.expected.audience = null
	sasl.oauthbearer.expected.issuer = null
	sasl.oauthbearer.jwks.endpoint.refresh.ms = 3600000
	sasl.oauthbearer.jwks.endpoint.retry.backoff.max.ms = 10000
	sasl.oauthbearer.jwks.endpoint.retry.backoff.ms = 100
	sasl.oauthbearer.jwks.endpoint.url = null
	sasl.oauthbearer.scope.claim.name = scope
	sasl.oauthbearer.sub.claim.name = sub
	sasl.oauthbearer.token.endpoint.url = null
	security.protocol = PLAINTEXT
	security.providers = null
	send.buffer.bytes = 131072
	session.timeout.ms = 45000
	socket.connection.setup.timeout.max.ms = 30000
	socket.connection.setup.timeout.ms = 10000
	ssl.cipher.suites = null
	ssl.enabled.protocols = [TLSv1.2, TLSv1.3]
	ssl.endpoint.identification.algorithm = https
	ssl.engine.factory.class = null
	ssl.key.password = null
	ssl.keymanager.algorithm = SunX509
	ssl.keystore.certificate.chain = null
	ssl.keystore.key = null
	ssl.keystore.location = null
	ssl.keystore.password = null
	ssl.keystore.type = JKS
	ssl.protocol = TLSv1.3
	ssl.provider = null
	ssl.secure.random.implementation = null
	ssl.trustmanager.algorithm = PKIX
	ssl.truststore.certificates = null
	ssl.truststore.location = null
	ssl.truststore.password = null
	ssl.truststore.type = JKS
	value.deserializer = class org.springframework.kafka.support.serializer.ErrorHandlingDeserializer

2025-12-17T11:58:20.036+05:30  INFO 96084 --- [historical-service] [main] o.a.kafka.common.utils.AppInfoParser     : Kafka version: 3.6.2
2025-12-17T11:58:20.036+05:30  INFO 96084 --- [historical-service] [main] o.a.kafka.common.utils.AppInfoParser     : Kafka commitId: c4deed513057c94e
2025-12-17T11:58:20.037+05:30  INFO 96084 --- [historical-service] [main] o.a.kafka.common.utils.AppInfoParser     : Kafka startTimeMs: 1765952900034
2025-12-17T11:58:20.042+05:30  INFO 96084 --- [historical-service] [main] fkaConsumerFactory$ExtendedKafkaConsumer : [Consumer clientId=consumer-historical-service-1, groupId=historical-service] Subscribed to topic(s): quotes.ticks
2025-12-17T11:58:20.071+05:30  INFO 96084 --- [historical-service] [main] c.m.h.repository.CandleRepositoryTest    : Started CandleRepositoryTest in 12.222 seconds (process running for 13.959)
2025-12-17T11:58:20.718+05:30  INFO 96084 --- [historical-service] [org.springframework.kafka.KafkaListenerEndpointContainer#0-0-C-1] org.apache.kafka.clients.Metadata        : [Consumer clientId=consumer-historical-service-1, groupId=historical-service] Cluster ID: mnv8xiVYRYqN7jcfJx74sA
2025-12-17T11:58:20.721+05:30  INFO 96084 --- [historical-service] [org.springframework.kafka.KafkaListenerEndpointContainer#0-0-C-1] o.a.k.c.c.internals.ConsumerCoordinator  : [Consumer clientId=consumer-historical-service-1, groupId=historical-service] Discovered group coordinator localhost:9092 (id: 2147483646 rack: null)
2025-12-17T11:58:20.727+05:30  INFO 96084 --- [historical-service] [org.springframework.kafka.KafkaListenerEndpointContainer#0-0-C-1] o.a.k.c.c.internals.ConsumerCoordinator  : [Consumer clientId=consumer-historical-service-1, groupId=historical-service] (Re-)joining group
2025-12-17T11:58:20.750+05:30  INFO 96084 --- [historical-service] [org.springframework.kafka.KafkaListenerEndpointContainer#0-0-C-1] o.a.k.c.c.internals.ConsumerCoordinator  : [Consumer clientId=consumer-historical-service-1, groupId=historical-service] Request joining group due to: need to re-join with the given member-id: consumer-historical-service-1-553af16c-10e5-4c9e-b45c-3ef339195eb4
2025-12-17T11:58:20.751+05:30  INFO 96084 --- [historical-service] [org.springframework.kafka.KafkaListenerEndpointContainer#0-0-C-1] o.a.k.c.c.internals.ConsumerCoordinator  : [Consumer clientId=consumer-historical-service-1, groupId=historical-service] Request joining group due to: rebalance failed due to 'The group member needs to have a valid member id before actually entering a consumer group.' (MemberIdRequiredException)
2025-12-17T11:58:20.751+05:30  INFO 96084 --- [historical-service] [org.springframework.kafka.KafkaListenerEndpointContainer#0-0-C-1] o.a.k.c.c.internals.ConsumerCoordinator  : [Consumer clientId=consumer-historical-service-1, groupId=historical-service] (Re-)joining group
2025-12-17T11:58:20.764+05:30  INFO 96084 --- [historical-service] [org.springframework.kafka.KafkaListenerEndpointContainer#0-0-C-1] o.a.k.c.c.internals.ConsumerCoordinator  : [Consumer clientId=consumer-historical-service-1, groupId=historical-service] Successfully joined group with generation Generation{generationId=79, memberId='consumer-historical-service-1-553af16c-10e5-4c9e-b45c-3ef339195eb4', protocol='range'}
2025-12-17T11:58:20.789+05:30  INFO 96084 --- [historical-service] [org.springframework.kafka.KafkaListenerEndpointContainer#0-0-C-1] o.a.k.c.c.internals.ConsumerCoordinator  : [Consumer clientId=consumer-historical-service-1, groupId=historical-service] Successfully synced group in generation Generation{generationId=79, memberId='consumer-historical-service-1-553af16c-10e5-4c9e-b45c-3ef339195eb4', protocol='range'}
2025-12-17T11:58:20.794+05:30  INFO 96084 --- [historical-service] [org.springframework.kafka.KafkaListenerEndpointContainer#0-0-C-1] o.a.k.c.c.internals.ConsumerCoordinator  : [Consumer clientId=consumer-historical-service-1, groupId=historical-service] Notifying assignor about the new Assignment(partitions=[quotes.ticks-0])
2025-12-17T11:58:20.798+05:30  INFO 96084 --- [historical-service] [org.springframework.kafka.KafkaListenerEndpointContainer#0-0-C-1] o.a.k.c.c.internals.ConsumerCoordinator  : [Consumer clientId=consumer-historical-service-1, groupId=historical-service] Adding newly assigned partitions: quotes.ticks-0
2025-12-17T11:58:20.815+05:30  INFO 96084 --- [historical-service] [org.springframework.kafka.KafkaListenerEndpointContainer#0-0-C-1] o.a.k.c.c.internals.ConsumerCoordinator  : [Consumer clientId=consumer-historical-service-1, groupId=historical-service] Setting offset for partition quotes.ticks-0 to the committed offset FetchPosition{offset=205921, offsetEpoch=Optional.empty, currentLeader=LeaderAndEpoch{leader=Optional[localhost:9092 (id: 1 rack: null)], epoch=142}}
2025-12-17T11:58:20.818+05:30  INFO 96084 --- [historical-service] [org.springframework.kafka.KafkaListenerEndpointContainer#0-0-C-1] o.s.k.l.KafkaMessageListenerContainer    : historical-service: partitions assigned: [quotes.ticks-0]
2025-12-17T11:58:21.889+05:30 DEBUG 96084 --- [historical-service] [main] org.hibernate.SQL                        : 
    select
        ce1_0.symbol,
        ce1_0.timestamp,
        ce1_0.open,
        ce1_0.high,
        ce1_0.low,
        ce1_0.close,
        ce1_0.volume 
    from
        candles ce1_0 
    where
        ce1_0.symbol=? 
        and ce1_0.timestamp between ? and ? 
    order by
        ce1_0.timestamp
2025-12-17T11:58:22.042+05:30  INFO 96084 --- [historical-service] [SpringApplicationShutdownHook] o.s.c.n.e.s.EurekaServiceRegistry        : Unregistering application HISTORICAL-SERVICE with eureka with status DOWN
2025-12-17T11:58:22.043+05:30  INFO 96084 --- [historical-service] [SpringApplicationShutdownHook] com.netflix.discovery.DiscoveryClient    : Saw local status change event StatusChangeEvent [timestamp=1765952902043, current=DOWN, previous=UP]
2025-12-17T11:58:22.044+05:30  INFO 96084 --- [historical-service] [DiscoveryClient-InstanceInfoReplicator-%d] com.netflix.discovery.DiscoveryClient    : DiscoveryClient_HISTORICAL-SERVICE/ICPL15178.mshome.net:historical-service:8094: registering service...
2025-12-17T11:58:22.051+05:30  INFO 96084 --- [historical-service] [org.springframework.kafka.KafkaListenerEndpointContainer#0-0-C-1] o.a.k.c.c.internals.ConsumerCoordinator  : [Consumer clientId=consumer-historical-service-1, groupId=historical-service] Revoke previously assigned partitions quotes.ticks-0
2025-12-17T11:58:22.051+05:30  INFO 96084 --- [historical-service] [org.springframework.kafka.KafkaListenerEndpointContainer#0-0-C-1] o.s.k.l.KafkaMessageListenerContainer    : historical-service: partitions revoked: [quotes.ticks-0]
2025-12-17T11:58:22.052+05:30  INFO 96084 --- [historical-service] [org.springframework.kafka.KafkaListenerEndpointContainer#0-0-C-1] o.a.k.c.c.internals.ConsumerCoordinator  : [Consumer clientId=consumer-historical-service-1, groupId=historical-service] Member consumer-historical-service-1-553af16c-10e5-4c9e-b45c-3ef339195eb4 sending LeaveGroup request to coordinator localhost:9092 (id: 2147483646 rack: null) due to the consumer unsubscribed from all topics
2025-12-17T11:58:22.054+05:30  INFO 96084 --- [historical-service] [org.springframework.kafka.KafkaListenerEndpointContainer#0-0-C-1] o.a.k.c.c.internals.ConsumerCoordinator  : [Consumer clientId=consumer-historical-service-1, groupId=historical-service] Resetting generation and member id due to: consumer pro-actively leaving the group
2025-12-17T11:58:22.054+05:30  INFO 96084 --- [historical-service] [org.springframework.kafka.KafkaListenerEndpointContainer#0-0-C-1] o.a.k.c.c.internals.ConsumerCoordinator  : [Consumer clientId=consumer-historical-service-1, groupId=historical-service] Request joining group due to: consumer pro-actively leaving the group
2025-12-17T11:58:22.055+05:30  INFO 96084 --- [historical-service] [org.springframework.kafka.KafkaListenerEndpointContainer#0-0-C-1] fkaConsumerFactory$ExtendedKafkaConsumer : [Consumer clientId=consumer-historical-service-1, groupId=historical-service] Unsubscribed all topics or patterns and assigned partitions
2025-12-17T11:58:22.057+05:30  INFO 96084 --- [historical-service] [org.springframework.kafka.KafkaListenerEndpointContainer#0-0-C-1] o.a.k.c.c.internals.ConsumerCoordinator  : [Consumer clientId=consumer-historical-service-1, groupId=historical-service] Resetting generation and member id due to: consumer pro-actively leaving the group
2025-12-17T11:58:22.057+05:30  INFO 96084 --- [historical-service] [org.springframework.kafka.KafkaListenerEndpointContainer#0-0-C-1] o.a.k.c.c.internals.ConsumerCoordinator  : [Consumer clientId=consumer-historical-service-1, groupId=historical-service] Request joining group due to: consumer pro-actively leaving the group
2025-12-17T11:58:22.063+05:30  INFO 96084 --- [historical-service] [DiscoveryClient-InstanceInfoReplicator-%d] com.netflix.discovery.DiscoveryClient    : DiscoveryClient_HISTORICAL-SERVICE/ICPL15178.mshome.net:historical-service:8094 - registration status: 204
2025-12-17T11:58:22.443+05:30  INFO 96084 --- [historical-service] [org.springframework.kafka.KafkaListenerEndpointContainer#0-0-C-1] o.apache.kafka.common.metrics.Metrics    : Metrics scheduler closed
2025-12-17T11:58:22.444+05:30  INFO 96084 --- [historical-service] [org.springframework.kafka.KafkaListenerEndpointContainer#0-0-C-1] o.apache.kafka.common.metrics.Metrics    : Closing reporter org.apache.kafka.common.metrics.JmxReporter
2025-12-17T11:58:22.444+05:30  INFO 96084 --- [historical-service] [org.springframework.kafka.KafkaListenerEndpointContainer#0-0-C-1] o.apache.kafka.common.metrics.Metrics    : Metrics reporters closed
2025-12-17T11:58:22.457+05:30  INFO 96084 --- [historical-service] [org.springframework.kafka.KafkaListenerEndpointContainer#0-0-C-1] o.a.kafka.common.utils.AppInfoParser     : App info kafka.consumer for consumer-historical-service-1 unregistered
2025-12-17T11:58:22.457+05:30  INFO 96084 --- [historical-service] [org.springframework.kafka.KafkaListenerEndpointContainer#0-0-C-1] o.s.k.l.KafkaMessageListenerContainer    : historical-service: Consumer stopped
2025-12-17T11:58:22.472+05:30  INFO 96084 --- [historical-service] [SpringApplicationShutdownHook] j.LocalContainerEntityManagerFactoryBean : Closing JPA EntityManagerFactory for persistence unit 'default'
2025-12-17T11:58:22.476+05:30  INFO 96084 --- [historical-service] [SpringApplicationShutdownHook] com.zaxxer.hikari.HikariDataSource       : HikariPool-1 - Shutdown initiated...
2025-12-17T11:58:22.507+05:30  INFO 96084 --- [historical-service] [SpringApplicationShutdownHook] com.zaxxer.hikari.HikariDataSource       : HikariPool-1 - Shutdown completed.
2025-12-17T11:58:22.508+05:30  INFO 96084 --- [historical-service] [SpringApplicationShutdownHook] com.netflix.discovery.DiscoveryClient    : Shutting down DiscoveryClient ...
2025-12-17T11:58:25.522+05:30  INFO 96084 --- [historical-service] [SpringApplicationShutdownHook] com.netflix.discovery.DiscoveryClient    : Unregistering ...
2025-12-17T11:58:25.541+05:30  INFO 96084 --- [historical-service] [SpringApplicationShutdownHook] com.netflix.discovery.DiscoveryClient    : DiscoveryClient_HISTORICAL-SERVICE/ICPL15178.mshome.net:historical-service:8094 - deregister  status: 200
2025-12-17T11:58:25.541+05:30  INFO 96084 --- [historical-service] [SpringApplicationShutdownHook] com.netflix.discovery.DiscoveryClient    : Completed shut down of DiscoveryClient
